<?xml version="1.0" encoding="UTF-8"?>
<!-- Generated by org.testng.reporters.JUnitReportReporter -->
<testsuite hostname="Jyoti-PC" name="SAMPreRequisite.SAM.LoginTest" tests="4" failures="0" timestamp="16 Jan 2017 15:37:55 GMT" time="104018.523" errors="0">
  <testcase name="Login" time="0.702" classname="SAMPreRequisite.SAM.LoginTest"/>
  <testcase name="Setup" time="9.656" classname="SAMPreRequisite.SAM.LoginTest"/>
  <testcase name="LoginCheck" time="6.927" classname="SAMPreRequisite.SAM.LoginTest"/>
  <testcase name="CreateExam" time="104001.234" classname="SAMPreRequisite.SAM.LoginTest"/>
</testsuite> <!-- SAMPreRequisite.SAM.LoginTest -->
